loading app controller.sdn_controller
require_app: ryu.topology.switches is required by controller.sdn_controller
loading app ryu.controller.ofp_handler
loading app ryu.topology.switches
loading app ryu.controller.ofp_handler
creating context wsgi
instantiating app controller.sdn_controller of RT_MQTT_Controller
instantiating app ryu.controller.ofp_handler of OFPHandler
instantiating app ryu.topology.switches of Switches
BRICK RT_MQTT_Controller
  CONSUMES EventOFPPacketIn
  CONSUMES EventOFPSwitchFeatures
BRICK ofp_event
  PROVIDES EventOFPPacketIn TO {'RT_MQTT_Controller': {'config'}, 'switches': {'main'}}
  PROVIDES EventOFPSwitchFeatures TO {'RT_MQTT_Controller': {'config'}}
  PROVIDES EventOFPPortStatus TO {'switches': {'main'}}
  PROVIDES EventOFPStateChange TO {'switches': {'dead', 'main'}}
  CONSUMES EventOFPEchoReply
  CONSUMES EventOFPEchoRequest
  CONSUMES EventOFPErrorMsg
  CONSUMES EventOFPHello
  CONSUMES EventOFPPortDescStatsReply
  CONSUMES EventOFPPortStatus
  CONSUMES EventOFPSwitchFeatures
BRICK switches
  CONSUMES EventOFPPacketIn
  CONSUMES EventHostRequest
  CONSUMES EventLinkRequest
  CONSUMES EventOFPPortStatus
  CONSUMES EventOFPStateChange
  CONSUMES EventSwitchRequest
(28840) wsgi starting up on http://0.0.0.0:8080
connected socket:<eventlet.greenio.base.GreenSocket object at 0x75fefd7eeb50> address:('127.0.0.1', 45190)
EVENT ofp_event->switches EventOFPStateChange
<ryu.controller.controller.Datapath object at 0x75fefd7f34f0>
connected socket:<eventlet.greenio.base.GreenSocket object at 0x75fefd7eed00> address:('127.0.0.1', 45200)
connected socket:<eventlet.greenio.base.GreenSocket object at 0x75fefd7c0d30> address:('127.0.0.1', 45204)
connected socket:<eventlet.greenio.base.GreenSocket object at 0x75fefd75a460> address:('127.0.0.1', 45220)
connected socket:<eventlet.greenio.base.GreenSocket object at 0x75fefd7c09a0> address:('127.0.0.1', 45228)
connected socket:<eventlet.greenio.base.GreenSocket object at 0x75fefd7c0a30> address:('127.0.0.1', 45232)
connected socket:<eventlet.greenio.base.GreenSocket object at 0x75fefd762760> address:('127.0.0.1', 45236)
connected socket:<eventlet.greenio.base.GreenSocket object at 0x75fefd762e80> address:('127.0.0.1', 45242)
hello ev <ryu.controller.ofp_event.EventOFPHello object at 0x75fefd76dd60>
move onto config mode
connected socket:<eventlet.greenio.base.GreenSocket object at 0x75fefd76d5e0> address:('127.0.0.1', 45246)
hello ev <ryu.controller.ofp_event.EventOFPHello object at 0x75fefd7784f0>
move onto config mode
hello ev <ryu.controller.ofp_event.EventOFPHello object at 0x75fefd7786d0>
move onto config mode
hello ev <ryu.controller.ofp_event.EventOFPHello object at 0x75fefd7788b0>
move onto config mode
hello ev <ryu.controller.ofp_event.EventOFPHello object at 0x75fefd778a60>
move onto config mode
hello ev <ryu.controller.ofp_event.EventOFPHello object at 0x75fefd7eeee0>
move onto config mode
hello ev <ryu.controller.ofp_event.EventOFPHello object at 0x75fefd7ee820>
move onto config mode
hello ev <ryu.controller.ofp_event.EventOFPHello object at 0x75fefd7ee160>
move onto config mode
EVENT ofp_event->RT_MQTT_Controller EventOFPSwitchFeatures
switch features ev version=0x4,msg_type=0x6,msg_len=0x20,xid=0x464b5e9e,OFPSwitchFeatures(auxiliary_id=0,capabilities=79,datapath_id=3,n_buffers=0,n_tables=254)
EVENT ofp_event->RT_MQTT_Controller EventOFPSwitchFeatures
switch features ev version=0x4,msg_type=0x6,msg_len=0x20,xid=0x806ef4e1,OFPSwitchFeatures(auxiliary_id=0,capabilities=79,datapath_id=6,n_buffers=0,n_tables=254)
EVENT ofp_event->RT_MQTT_Controller EventOFPSwitchFeatures
switch features ev version=0x4,msg_type=0x6,msg_len=0x20,xid=0xf44dea97,OFPSwitchFeatures(auxiliary_id=0,capabilities=79,datapath_id=1,n_buffers=0,n_tables=254)
EVENT ofp_event->RT_MQTT_Controller EventOFPSwitchFeatures
switch features ev version=0x4,msg_type=0x6,msg_len=0x20,xid=0xecfaf8d8,OFPSwitchFeatures(auxiliary_id=0,capabilities=79,datapath_id=8,n_buffers=0,n_tables=254)
EVENT ofp_event->RT_MQTT_Controller EventOFPSwitchFeatures
switch features ev version=0x4,msg_type=0x6,msg_len=0x20,xid=0x5e51c3a2,OFPSwitchFeatures(auxiliary_id=0,capabilities=79,datapath_id=2,n_buffers=0,n_tables=254)
EVENT ofp_event->RT_MQTT_Controller EventOFPSwitchFeatures
switch features ev version=0x4,msg_type=0x6,msg_len=0x20,xid=0x95e699b4,OFPSwitchFeatures(auxiliary_id=0,capabilities=79,datapath_id=4,n_buffers=0,n_tables=254)
EVENT ofp_event->RT_MQTT_Controller EventOFPSwitchFeatures
switch features ev version=0x4,msg_type=0x6,msg_len=0x20,xid=0xb350b4a2,OFPSwitchFeatures(auxiliary_id=0,capabilities=79,datapath_id=7,n_buffers=0,n_tables=254)
EVENT ofp_event->RT_MQTT_Controller EventOFPSwitchFeatures
switch features ev version=0x4,msg_type=0x6,msg_len=0x20,xid=0xd560e3d9,OFPSwitchFeatures(auxiliary_id=0,capabilities=79,datapath_id=5,n_buffers=0,n_tables=254)
move onto main mode
EVENT ofp_event->switches EventOFPStateChange
move onto main mode
EVENT ofp_event->switches EventOFPStateChange
move onto main mode
EVENT ofp_event->switches EventOFPStateChange
move onto main mode
EVENT ofp_event->switches EventOFPStateChange
move onto main mode
EVENT ofp_event->switches EventOFPStateChange
<ryu.controller.controller.Datapath object at 0x75fefd7c0d60>
register Switch<dpid=6, Port<dpid=6, port_no=1, LIVE> Port<dpid=6, port_no=4, LIVE> Port<dpid=6, port_no=2, LIVE> Port<dpid=6, port_no=3, LIVE> >
<ryu.controller.controller.Datapath object at 0x75fefd7c0730>
register Switch<dpid=1, Port<dpid=1, port_no=5, LIVE> Port<dpid=1, port_no=7, LIVE> Port<dpid=1, port_no=4, LIVE> Port<dpid=1, port_no=1, LIVE> Port<dpid=1, port_no=6, LIVE> Port<dpid=1, port_no=2, LIVE> Port<dpid=1, port_no=3, LIVE> >
<ryu.controller.controller.Datapath object at 0x75fefd75a490>
register Switch<dpid=3, Port<dpid=3, port_no=5, LIVE> Port<dpid=3, port_no=6, LIVE> Port<dpid=3, port_no=1, LIVE> Port<dpid=3, port_no=7, LIVE> Port<dpid=3, port_no=4, LIVE> Port<dpid=3, port_no=2, LIVE> Port<dpid=3, port_no=3, LIVE> >
<ryu.controller.controller.Datapath object at 0x75fefd7c06a0>
register Switch<dpid=8, Port<dpid=8, port_no=1, LIVE> Port<dpid=8, port_no=2, LIVE> Port<dpid=8, port_no=3, LIVE> >
<ryu.controller.controller.Datapath object at 0x75fefd7c0610>
register Switch<dpid=2, Port<dpid=2, port_no=5, LIVE> Port<dpid=2, port_no=7, LIVE> Port<dpid=2, port_no=4, LIVE> Port<dpid=2, port_no=6, LIVE> Port<dpid=2, port_no=1, LIVE> Port<dpid=2, port_no=2, LIVE> Port<dpid=2, port_no=3, LIVE> >
move onto main mode
EVENT ofp_event->switches EventOFPStateChange
move onto main mode
EVENT ofp_event->switches EventOFPStateChange
move onto main mode
EVENT ofp_event->switches EventOFPStateChange
<ryu.controller.controller.Datapath object at 0x75fefd762790>
register Switch<dpid=7, Port<dpid=7, port_no=1, LIVE> Port<dpid=7, port_no=2, LIVE> >
<ryu.controller.controller.Datapath object at 0x75fefd76d5b0>
register Switch<dpid=5, Port<dpid=5, port_no=1, LIVE> Port<dpid=5, port_no=2, LIVE> Port<dpid=5, port_no=3, LIVE> >
<ryu.controller.controller.Datapath object at 0x75fefd762eb0>
register Switch<dpid=4, Port<dpid=4, port_no=4, LIVE> Port<dpid=4, port_no=1, LIVE> Port<dpid=4, port_no=2, LIVE> Port<dpid=4, port_no=3, LIVE> >
EVENT ofp_event->switches EventOFPPacketIn
EVENT ofp_event->switches EventOFPPacketIn
EVENT ofp_event->switches EventOFPPacketIn
EVENT ofp_event->switches EventOFPPacketIn
EVENT ofp_event->switches EventOFPPacketIn
EVENT ofp_event->switches EventOFPPacketIn
EVENT ofp_event->switches EventOFPPacketIn
EVENT ofp_event->switches EventOFPPacketIn
EVENT ofp_event->switches EventOFPPacketIn
EVENT ofp_event->switches EventOFPPacketIn
EVENT ofp_event->switches EventOFPPacketIn
EVENT ofp_event->switches EventOFPPacketIn
EVENT ofp_event->switches EventOFPPacketIn
EVENT ofp_event->switches EventOFPPacketIn
EVENT ofp_event->switches EventOFPPacketIn
EVENT ofp_event->switches EventOFPPacketIn
EVENT ofp_event->switches EventOFPPacketIn
EVENT ofp_event->switches EventOFPPacketIn
EVENT ofp_event->switches EventOFPPacketIn
EVENT ofp_event->switches EventOFPPacketIn
EVENT ofp_event->switches EventOFPPacketIn
EVENT ofp_event->switches EventOFPPacketIn
EVENT ofp_event->switches EventOFPPacketIn
EVENT ofp_event->switches EventOFPPacketIn
EVENT ofp_event->switches EventOFPPacketIn
EVENT ofp_event->switches EventOFPPacketIn
EVENT ofp_event->switches EventOFPPacketIn
EVENT ofp_event->switches EventOFPPacketIn
EVENT ofp_event->switches EventOFPPacketIn
EVENT ofp_event->switches EventOFPPacketIn
EVENT ofp_event->switches EventOFPPacketIn
EVENT ofp_event->switches EventOFPPacketIn
EVENT ofp_event->switches EventOFPPacketIn
EVENT ofp_event->switches EventOFPPacketIn
EVENT ofp_event->switches EventOFPPacketIn
EVENT ofp_event->switches EventOFPPacketIn
EVENT ofp_event->switches EventOFPPacketIn
EVENT ofp_event->switches EventOFPPacketIn
EVENT ofp_event->switches EventOFPPacketIn
EVENT ofp_event->switches EventOFPPacketIn
EVENT ofp_event->switches EventOFPPacketIn
EVENT ofp_event->switches EventOFPPacketIn
EVENT ofp_event->switches EventOFPPacketIn
EVENT ofp_event->switches EventOFPPacketIn
EVENT ofp_event->switches EventOFPPacketIn
EVENT ofp_event->switches EventOFPPacketIn
EVENT ofp_event->switches EventOFPPacketIn
EVENT ofp_event->switches EventOFPPacketIn
EVENT ofp_event->switches EventOFPPacketIn
EVENT ofp_event->switches EventOFPPacketIn
EVENT ofp_event->switches EventOFPPacketIn
EVENT ofp_event->switches EventOFPPacketIn
EVENT ofp_event->switches EventOFPPacketIn
EVENT ofp_event->switches EventOFPPacketIn
EVENT ofp_event->switches EventOFPPacketIn
EVENT ofp_event->switches EventOFPPacketIn
EVENT ofp_event->switches EventOFPPacketIn
EVENT ofp_event->switches EventOFPPacketIn
EVENT ofp_event->switches EventOFPPacketIn
EVENT ofp_event->switches EventOFPPacketIn
EVENT ofp_event->switches EventOFPPacketIn
EVENT ofp_event->switches EventOFPPacketIn
EVENT ofp_event->switches EventOFPPacketIn
EVENT ofp_event->switches EventOFPPacketIn
EVENT ofp_event->switches EventOFPPacketIn
EVENT ofp_event->switches EventOFPPacketIn
EVENT ofp_event->switches EventOFPPacketIn
EVENT ofp_event->switches EventOFPPacketIn
EVENT ofp_event->switches EventOFPPacketIn
EVENT ofp_event->switches EventOFPPacketIn
EVENT ofp_event->switches EventOFPPacketIn
EVENT ofp_event->switches EventOFPPacketIn
EVENT ofp_event->switches EventOFPPacketIn
EVENT ofp_event->switches EventOFPPacketIn
EVENT ofp_event->switches EventOFPPacketIn
EVENT ofp_event->switches EventOFPPacketIn
EVENT ofp_event->switches EventOFPPacketIn
EVENT ofp_event->switches EventOFPPacketIn
EVENT ofp_event->switches EventOFPPacketIn
EVENT ofp_event->switches EventOFPPacketIn
EVENT ofp_event->switches EventOFPPacketIn
EVENT ofp_event->switches EventOFPPacketIn
EVENT ofp_event->switches EventOFPPacketIn
EVENT ofp_event->switches EventOFPPacketIn
EVENT ofp_event->switches EventOFPPacketIn
EVENT ofp_event->switches EventOFPPacketIn
EVENT ofp_event->switches EventOFPPacketIn
EVENT ofp_event->switches EventOFPPacketIn
EVENT ofp_event->switches EventOFPPacketIn
EVENT ofp_event->switches EventOFPPacketIn
EVENT ofp_event->switches EventOFPPacketIn
EVENT ofp_event->switches EventOFPPacketIn
EVENT ofp_event->switches EventOFPPacketIn
EVENT ofp_event->switches EventOFPPacketIn
EVENT ofp_event->switches EventOFPPacketIn
EVENT ofp_event->switches EventOFPPacketIn
EVENT ofp_event->switches EventOFPPacketIn
EVENT ofp_event->switches EventOFPPacketIn
EVENT ofp_event->switches EventOFPPacketIn
EVENT ofp_event->switches EventOFPPacketIn
EVENT ofp_event->switches EventOFPPacketIn
EVENT ofp_event->switches EventOFPPacketIn
EVENT ofp_event->switches EventOFPPacketIn
EVENT ofp_event->switches EventOFPPacketIn
EVENT ofp_event->switches EventOFPPacketIn
EVENT ofp_event->switches EventOFPPacketIn
EVENT ofp_event->switches EventOFPPacketIn
EVENT ofp_event->switches EventOFPPacketIn
EVENT ofp_event->switches EventOFPPacketIn
EVENT ofp_event->switches EventOFPPacketIn
EVENT ofp_event->switches EventOFPPacketIn
EVENT ofp_event->switches EventOFPPacketIn
EVENT ofp_event->switches EventOFPPacketIn
EVENT ofp_event->switches EventOFPPacketIn
EVENT ofp_event->switches EventOFPPacketIn
EVENT ofp_event->switches EventOFPPacketIn
EVENT ofp_event->switches EventOFPPacketIn
EVENT ofp_event->switches EventOFPPacketIn
EVENT ofp_event->switches EventOFPPacketIn
EVENT ofp_event->switches EventOFPPacketIn
EVENT ofp_event->switches EventOFPPacketIn
EVENT ofp_event->switches EventOFPPacketIn
EVENT ofp_event->switches EventOFPPacketIn
EVENT ofp_event->switches EventOFPPacketIn
EVENT ofp_event->switches EventOFPPacketIn
EVENT ofp_event->switches EventOFPPacketIn
EVENT ofp_event->switches EventOFPPacketIn
EVENT ofp_event->switches EventOFPPacketIn
EVENT ofp_event->switches EventOFPPacketIn
EVENT ofp_event->switches EventOFPPacketIn
EVENT ofp_event->switches EventOFPPacketIn
EVENT ofp_event->switches EventOFPPacketIn
EVENT ofp_event->switches EventOFPPacketIn
EVENT ofp_event->switches EventOFPPacketIn
EVENT ofp_event->switches EventOFPPacketIn
EVENT ofp_event->switches EventOFPPacketIn
EVENT ofp_event->switches EventOFPPacketIn
EVENT ofp_event->switches EventOFPPacketIn
EVENT ofp_event->switches EventOFPPacketIn
EVENT ofp_event->switches EventOFPPacketIn
EVENT ofp_event->switches EventOFPPacketIn
EVENT ofp_event->switches EventOFPPacketIn
EVENT ofp_event->switches EventOFPPacketIn
EVENT ofp_event->switches EventOFPPacketIn
EVENT ofp_event->switches EventOFPPacketIn
EVENT ofp_event->switches EventOFPPacketIn
EVENT ofp_event->switches EventOFPPacketIn
EVENT ofp_event->switches EventOFPPacketIn
EVENT ofp_event->switches EventOFPPacketIn
EVENT ofp_event->switches EventOFPPacketIn
EVENT ofp_event->switches EventOFPPacketIn
EVENT ofp_event->switches EventOFPPacketIn
EVENT ofp_event->switches EventOFPPacketIn
EVENT ofp_event->switches EventOFPPacketIn
EVENT ofp_event->switches EventOFPPacketIn
EVENT ofp_event->switches EventOFPPacketIn
EVENT ofp_event->switches EventOFPPacketIn
EVENT ofp_event->switches EventOFPPacketIn
EVENT ofp_event->switches EventOFPPacketIn
EVENT ofp_event->switches EventOFPPacketIn
EVENT ofp_event->switches EventOFPPacketIn
EVENT ofp_event->switches EventOFPPacketIn
EVENT ofp_event->switches EventOFPPacketIn
EVENT ofp_event->switches EventOFPPacketIn
EVENT ofp_event->switches EventOFPPacketIn
EVENT ofp_event->switches EventOFPPacketIn
EVENT ofp_event->switches EventOFPPacketIn
EVENT ofp_event->switches EventOFPPacketIn
EVENT ofp_event->switches EventOFPPacketIn
EVENT ofp_event->switches EventOFPPacketIn
EVENT ofp_event->switches EventOFPPacketIn
EVENT ofp_event->switches EventOFPPacketIn
EVENT ofp_event->switches EventOFPPacketIn
EVENT ofp_event->switches EventOFPPacketIn
EVENT ofp_event->switches EventOFPPacketIn
EVENT ofp_event->switches EventOFPPacketIn
EVENT ofp_event->switches EventOFPPacketIn
EVENT ofp_event->switches EventOFPPacketIn
EVENT ofp_event->switches EventOFPPacketIn
EVENT ofp_event->switches EventOFPPacketIn
EVENT ofp_event->switches EventOFPPacketIn
EVENT ofp_event->switches EventOFPPacketIn
EVENT ofp_event->switches EventOFPPacketIn
EVENT ofp_event->switches EventOFPPacketIn
EVENT ofp_event->switches EventOFPPacketIn
EVENT ofp_event->switches EventOFPPacketIn
EVENT ofp_event->switches EventOFPPacketIn
EVENT ofp_event->switches EventOFPPacketIn
EVENT ofp_event->switches EventOFPPacketIn
EVENT ofp_event->switches EventOFPPacketIn
EVENT ofp_event->switches EventOFPPacketIn
EVENT ofp_event->switches EventOFPPacketIn
EVENT ofp_event->switches EventOFPPacketIn
EVENT ofp_event->switches EventOFPPacketIn
EVENT ofp_event->switches EventOFPPacketIn
EVENT ofp_event->switches EventOFPPacketIn
EVENT ofp_event->switches EventOFPPacketIn
EVENT ofp_event->switches EventOFPPacketIn
EVENT ofp_event->switches EventOFPPacketIn
EVENT ofp_event->switches EventOFPPacketIn
EVENT ofp_event->switches EventOFPPacketIn
EVENT ofp_event->switches EventOFPPacketIn
EVENT ofp_event->switches EventOFPPacketIn
EVENT ofp_event->switches EventOFPPacketIn
EVENT ofp_event->switches EventOFPPacketIn
EVENT ofp_event->switches EventOFPPacketIn
EVENT ofp_event->switches EventOFPPacketIn
EVENT ofp_event->switches EventOFPPacketIn
EVENT ofp_event->switches EventOFPPacketIn
EVENT ofp_event->switches EventOFPPacketIn
EVENT ofp_event->switches EventOFPPacketIn
EVENT ofp_event->switches EventOFPPacketIn
EVENT ofp_event->switches EventOFPPacketIn
EVENT ofp_event->switches EventOFPPacketIn
EVENT ofp_event->switches EventOFPPacketIn
EVENT ofp_event->switches EventOFPPacketIn
EVENT ofp_event->switches EventOFPPacketIn
EVENT ofp_event->switches EventOFPPacketIn
EVENT ofp_event->switches EventOFPPacketIn
EVENT ofp_event->switches EventOFPPacketIn
EVENT ofp_event->switches EventOFPPacketIn
EVENT ofp_event->switches EventOFPPacketIn
EVENT ofp_event->switches EventOFPPacketIn
EVENT ofp_event->switches EventOFPPacketIn
EVENT ofp_event->switches EventOFPPacketIn
EVENT ofp_event->switches EventOFPPacketIn
EVENT ofp_event->switches EventOFPPacketIn
EVENT ofp_event->switches EventOFPPacketIn
EVENT ofp_event->switches EventOFPPacketIn
EVENT ofp_event->switches EventOFPPacketIn
EVENT ofp_event->switches EventOFPPacketIn
EVENT ofp_event->switches EventOFPPacketIn
EVENT ofp_event->switches EventOFPPacketIn
EVENT ofp_event->switches EventOFPPacketIn
EVENT ofp_event->switches EventOFPPacketIn
EVENT ofp_event->switches EventOFPPacketIn
EVENT ofp_event->switches EventOFPPacketIn
EVENT ofp_event->switches EventOFPPacketIn
EVENT ofp_event->switches EventOFPPacketIn
EVENT ofp_event->switches EventOFPPacketIn
EVENT ofp_event->switches EventOFPPacketIn
EVENT ofp_event->switches EventOFPPacketIn
EVENT ofp_event->switches EventOFPPacketIn
EVENT ofp_event->switches EventOFPPacketIn
EVENT ofp_event->switches EventOFPPacketIn
EVENT ofp_event->switches EventOFPPacketIn
EVENT ofp_event->switches EventOFPPacketIn
EVENT ofp_event->switches EventOFPPacketIn
EVENT ofp_event->switches EventOFPPacketIn
EVENT ofp_event->switches EventOFPPacketIn
EVENT ofp_event->switches EventOFPPacketIn
EVENT ofp_event->switches EventOFPPacketIn
EVENT ofp_event->switches EventOFPPacketIn
EVENT ofp_event->switches EventOFPPacketIn
EVENT ofp_event->switches EventOFPPacketIn
EVENT ofp_event->switches EventOFPPacketIn
EVENT ofp_event->switches EventOFPPacketIn
EVENT ofp_event->switches EventOFPPacketIn
EVENT ofp_event->switches EventOFPPacketIn
EVENT ofp_event->switches EventOFPPacketIn
EVENT ofp_event->switches EventOFPPacketIn
EVENT ofp_event->switches EventOFPPacketIn
EVENT ofp_event->switches EventOFPPacketIn
EVENT ofp_event->switches EventOFPPacketIn
EVENT ofp_event->switches EventOFPPacketIn
EVENT ofp_event->switches EventOFPPacketIn
EVENT ofp_event->switches EventOFPPacketIn
EVENT ofp_event->switches EventOFPPacketIn
EVENT ofp_event->switches EventOFPPacketIn
EVENT ofp_event->switches EventOFPPacketIn
EVENT ofp_event->switches EventOFPPacketIn
EVENT ofp_event->switches EventOFPPacketIn
EVENT ofp_event->switches EventOFPPacketIn
EVENT ofp_event->switches EventOFPPacketIn
EVENT ofp_event->switches EventOFPPacketIn
EVENT ofp_event->switches EventOFPPacketIn
EVENT ofp_event->switches EventOFPPacketIn
EVENT ofp_event->switches EventOFPPacketIn
EVENT ofp_event->switches EventOFPPacketIn
EVENT ofp_event->switches EventOFPPacketIn
EVENT ofp_event->switches EventOFPPacketIn
EVENT ofp_event->switches EventOFPPacketIn
EVENT ofp_event->switches EventOFPPacketIn
EVENT ofp_event->switches EventOFPPacketIn
EVENT ofp_event->switches EventOFPPacketIn
EVENT ofp_event->switches EventOFPPacketIn
EVENT ofp_event->switches EventOFPPacketIn
EVENT ofp_event->switches EventOFPPacketIn
EVENT ofp_event->switches EventOFPPacketIn
EVENT ofp_event->switches EventOFPPacketIn
EVENT ofp_event->switches EventOFPPacketIn
EVENT ofp_event->switches EventOFPPacketIn
EVENT ofp_event->switches EventOFPPacketIn
EVENT ofp_event->switches EventOFPPacketIn
EVENT ofp_event->switches EventOFPPacketIn
EVENT ofp_event->switches EventOFPPacketIn
EVENT ofp_event->switches EventOFPPacketIn
EVENT ofp_event->switches EventOFPPacketIn
EVENT ofp_event->switches EventOFPPacketIn
EVENT ofp_event->switches EventOFPPacketIn
EVENT ofp_event->switches EventOFPPacketIn
EVENT ofp_event->switches EventOFPPacketIn
EVENT ofp_event->switches EventOFPPacketIn
EVENT ofp_event->switches EventOFPPacketIn
EVENT ofp_event->switches EventOFPPacketIn
EVENT ofp_event->switches EventOFPPacketIn
EVENT ofp_event->switches EventOFPPacketIn
EVENT ofp_event->switches EventOFPPacketIn
EVENT ofp_event->switches EventOFPPacketIn
EVENT ofp_event->switches EventOFPPacketIn
EVENT ofp_event->switches EventOFPPacketIn
EVENT ofp_event->switches EventOFPPacketIn
EVENT ofp_event->switches EventOFPPacketIn
EVENT ofp_event->switches EventOFPPacketIn
EVENT ofp_event->switches EventOFPPacketIn
EVENT ofp_event->switches EventOFPPacketIn
EVENT ofp_event->switches EventOFPPacketIn
EVENT ofp_event->switches EventOFPPacketIn
EVENT ofp_event->switches EventOFPPacketIn
EVENT ofp_event->switches EventOFPPacketIn
EVENT ofp_event->switches EventOFPPacketIn
EVENT ofp_event->switches EventOFPPacketIn
EVENT ofp_event->switches EventOFPPacketIn
EVENT ofp_event->switches EventOFPPacketIn
EVENT ofp_event->switches EventOFPPacketIn
EVENT ofp_event->switches EventOFPPacketIn
EVENT ofp_event->switches EventOFPPacketIn
EVENT ofp_event->switches EventOFPPacketIn
EVENT ofp_event->switches EventOFPPacketIn
EVENT ofp_event->switches EventOFPPacketIn
EVENT ofp_event->switches EventOFPPacketIn
EVENT ofp_event->switches EventOFPPacketIn
EVENT ofp_event->switches EventOFPPacketIn
EVENT ofp_event->switches EventOFPPacketIn
EVENT ofp_event->switches EventOFPPacketIn
EVENT ofp_event->switches EventOFPPacketIn
EVENT ofp_event->switches EventOFPPacketIn
EVENT ofp_event->switches EventOFPPacketIn
EVENT ofp_event->switches EventOFPPacketIn
EVENT ofp_event->switches EventOFPPacketIn
EVENT ofp_event->switches EventOFPPacketIn
EVENT ofp_event->switches EventOFPPacketIn
EVENT ofp_event->switches EventOFPPacketIn
EVENT ofp_event->switches EventOFPPacketIn
EVENT ofp_event->switches EventOFPPacketIn
EVENT ofp_event->switches EventOFPPacketIn
EVENT ofp_event->switches EventOFPPacketIn
EVENT ofp_event->switches EventOFPPacketIn
EVENT ofp_event->switches EventOFPPacketIn
EVENT ofp_event->switches EventOFPPacketIn
EVENT ofp_event->switches EventOFPPacketIn
EVENT ofp_event->switches EventOFPPacketIn
EVENT ofp_event->switches EventOFPPacketIn
EVENT ofp_event->switches EventOFPPacketIn
EVENT ofp_event->switches EventOFPPacketIn
EVENT ofp_event->switches EventOFPPacketIn
EVENT ofp_event->switches EventOFPPacketIn
EVENT ofp_event->switches EventOFPPacketIn
EVENT ofp_event->switches EventOFPPacketIn
EVENT ofp_event->switches EventOFPPacketIn
EVENT ofp_event->switches EventOFPPacketIn
EVENT ofp_event->switches EventOFPPacketIn
EVENT ofp_event->switches EventOFPPacketIn
EVENT ofp_event->switches EventOFPPacketIn
EVENT ofp_event->switches EventOFPPacketIn
EVENT ofp_event->switches EventOFPPacketIn
EVENT ofp_event->switches EventOFPPacketIn
EVENT ofp_event->switches EventOFPPacketIn
EVENT ofp_event->switches EventOFPPacketIn
EVENT ofp_event->switches EventOFPPacketIn
EVENT ofp_event->switches EventOFPPacketIn
EVENT ofp_event->switches EventOFPPacketIn
EVENT ofp_event->switches EventOFPPacketIn
EVENT ofp_event->switches EventOFPPacketIn
EVENT ofp_event->switches EventOFPPacketIn
EVENT ofp_event->switches EventOFPPacketIn
EVENT ofp_event->switches EventOFPPacketIn
EVENT ofp_event->switches EventOFPPacketIn
EVENT ofp_event->switches EventOFPPacketIn
EVENT ofp_event->switches EventOFPPacketIn
EVENT ofp_event->switches EventOFPPacketIn
EVENT ofp_event->switches EventOFPPacketIn
EVENT ofp_event->switches EventOFPPacketIn
EVENT ofp_event->switches EventOFPPacketIn
EVENT ofp_event->switches EventOFPPacketIn
EVENT ofp_event->switches EventOFPPacketIn
EVENT ofp_event->switches EventOFPPacketIn
EVENT ofp_event->switches EventOFPPacketIn
EVENT ofp_event->switches EventOFPPacketIn
EVENT ofp_event->switches EventOFPPacketIn
EVENT ofp_event->switches EventOFPPacketIn
EVENT ofp_event->switches EventOFPPacketIn
EVENT ofp_event->switches EventOFPPacketIn
EVENT ofp_event->switches EventOFPPacketIn
EVENT ofp_event->switches EventOFPPacketIn
EVENT ofp_event->switches EventOFPPacketIn
EVENT ofp_event->switches EventOFPPacketIn
EVENT ofp_event->switches EventOFPPacketIn
EVENT ofp_event->switches EventOFPPacketIn
EVENT ofp_event->switches EventOFPPacketIn
EVENT ofp_event->switches EventOFPPacketIn
EVENT ofp_event->switches EventOFPPacketIn
EVENT ofp_event->switches EventOFPPacketIn
EVENT ofp_event->switches EventOFPPacketIn
EVENT ofp_event->switches EventOFPPacketIn
EVENT ofp_event->switches EventOFPPacketIn
EVENT ofp_event->switches EventOFPPacketIn
EVENT ofp_event->switches EventOFPPacketIn
EVENT ofp_event->switches EventOFPPacketIn
EVENT ofp_event->switches EventOFPPacketIn
EVENT ofp_event->switches EventOFPPacketIn
EVENT ofp_event->switches EventOFPPacketIn
EVENT ofp_event->switches EventOFPPacketIn
EVENT ofp_event->switches EventOFPPacketIn
EVENT ofp_event->switches EventOFPPacketIn
EVENT ofp_event->switches EventOFPPacketIn
EVENT ofp_event->switches EventOFPPacketIn
EVENT ofp_event->switches EventOFPPacketIn
EVENT ofp_event->switches EventOFPPacketIn
EVENT ofp_event->switches EventOFPPacketIn
EVENT ofp_event->switches EventOFPPacketIn
EVENT ofp_event->switches EventOFPPacketIn
EVENT ofp_event->switches EventOFPPacketIn
EVENT ofp_event->switches EventOFPPacketIn
EVENT ofp_event->switches EventOFPPacketIn
EVENT ofp_event->switches EventOFPPacketIn
EVENT ofp_event->switches EventOFPPacketIn
EVENT ofp_event->switches EventOFPPacketIn
EVENT ofp_event->switches EventOFPPacketIn
EVENT ofp_event->switches EventOFPPacketIn
EVENT ofp_event->switches EventOFPPacketIn
EVENT ofp_event->switches EventOFPPacketIn
EVENT ofp_event->switches EventOFPPacketIn
EVENT ofp_event->switches EventOFPPacketIn
EVENT ofp_event->switches EventOFPPacketIn
EVENT ofp_event->switches EventOFPPacketIn
EVENT ofp_event->switches EventOFPPacketIn
EVENT ofp_event->switches EventOFPPacketIn
EVENT ofp_event->switches EventOFPPacketIn
EVENT ofp_event->switches EventOFPPacketIn
EVENT ofp_event->switches EventOFPPacketIn
EVENT ofp_event->switches EventOFPPacketIn
EVENT ofp_event->switches EventOFPPacketIn
EVENT ofp_event->switches EventOFPPacketIn
EVENT ofp_event->switches EventOFPPacketIn
EVENT ofp_event->switches EventOFPPacketIn
EVENT ofp_event->switches EventOFPPacketIn
EVENT ofp_event->switches EventOFPPacketIn
EVENT ofp_event->switches EventOFPPacketIn
EVENT ofp_event->switches EventOFPPacketIn
EVENT ofp_event->switches EventOFPPacketIn
EVENT ofp_event->switches EventOFPPacketIn
EVENT ofp_event->switches EventOFPPacketIn
EVENT ofp_event->switches EventOFPPacketIn
EVENT ofp_event->switches EventOFPPacketIn
EVENT ofp_event->switches EventOFPPacketIn
EVENT ofp_event->switches EventOFPPacketIn
EVENT ofp_event->switches EventOFPPacketIn
EVENT ofp_event->switches EventOFPPacketIn
EVENT ofp_event->switches EventOFPPacketIn
EVENT ofp_event->switches EventOFPPacketIn
EVENT ofp_event->switches EventOFPPacketIn
EVENT ofp_event->switches EventOFPPacketIn
EVENT ofp_event->switches EventOFPPacketIn
EVENT ofp_event->switches EventOFPPacketIn
EVENT ofp_event->switches EventOFPPacketIn
EVENT ofp_event->switches EventOFPPacketIn
EVENT ofp_event->switches EventOFPPacketIn
EVENT ofp_event->switches EventOFPPacketIn
EVENT ofp_event->switches EventOFPPacketIn
EVENT ofp_event->switches EventOFPPacketIn
EVENT ofp_event->switches EventOFPPacketIn
EVENT ofp_event->switches EventOFPPacketIn
EVENT ofp_event->switches EventOFPPacketIn
EVENT ofp_event->switches EventOFPPacketIn
EVENT ofp_event->switches EventOFPPacketIn
EVENT ofp_event->switches EventOFPPacketIn
EVENT ofp_event->switches EventOFPPacketIn
EVENT ofp_event->switches EventOFPPortStatus
EVENT ofp_event->switches EventOFPPortStatus
EVENT ofp_event->switches EventOFPPortStatus
EVENT ofp_event->switches EventOFPPortStatus
EVENT ofp_event->switches EventOFPPortStatus
EVENT ofp_event->switches EventOFPPortStatus
EVENT ofp_event->switches EventOFPPortStatus
EVENT ofp_event->switches EventOFPPortStatus
EVENT ofp_event->switches EventOFPPortStatus
EVENT ofp_event->switches EventOFPPortStatus
EVENT ofp_event->switches EventOFPPacketIn
EVENT ofp_event->switches EventOFPPacketIn
EVENT ofp_event->switches EventOFPPacketIn
EVENT ofp_event->switches EventOFPPacketIn
EVENT ofp_event->switches EventOFPPacketIn
EVENT ofp_event->switches EventOFPPacketIn
EVENT ofp_event->switches EventOFPPortStatus
EVENT ofp_event->switches EventOFPPortStatus
EVENT ofp_event->switches EventOFPPortStatus
EVENT ofp_event->switches EventOFPPortStatus
EVENT ofp_event->switches EventOFPPortStatus
EVENT ofp_event->switches EventOFPPortStatus
EVENT ofp_event->switches EventOFPPortStatus
EVENT ofp_event->switches EventOFPPortStatus
EVENT ofp_event->switches EventOFPPortStatus
EVENT ofp_event->switches EventOFPPortStatus
EVENT ofp_event->switches EventOFPPortStatus
EVENT ofp_event->switches EventOFPPortStatus
EVENT ofp_event->switches EventOFPPortStatus
EVENT ofp_event->switches EventOFPPortStatus
EVENT ofp_event->switches EventOFPPortStatus
EVENT ofp_event->switches EventOFPPortStatus
EVENT ofp_event->switches EventOFPPortStatus
EVENT ofp_event->switches EventOFPPacketIn
EVENT ofp_event->switches EventOFPPortStatus
EVENT ofp_event->switches EventOFPPortStatus
EVENT ofp_event->switches EventOFPPortStatus
EVENT ofp_event->switches EventOFPPortStatus
EVENT ofp_event->switches EventOFPPortStatus
EVENT ofp_event->switches EventOFPPortStatus
EVENT ofp_event->switches EventOFPPortStatus
EVENT ofp_event->switches EventOFPPacketIn
EVENT ofp_event->switches EventOFPPacketIn
EVENT ofp_event->switches EventOFPPortStatus
EVENT ofp_event->switches EventOFPPortStatus
EVENT ofp_event->switches EventOFPPortStatus
EVENT ofp_event->switches EventOFPPortStatus
EVENT ofp_event->switches EventOFPPortStatus
EVENT ofp_event->switches EventOFPPortStatus
EVENT ofp_event->switches EventOFPPortStatus
EVENT ofp_event->switches EventOFPStateChange
<ryu.controller.controller.Datapath object at 0x75fefd7c0730>
unregister Switch<dpid=1, Port<dpid=1, port_no=5, LIVE> Port<dpid=1, port_no=7, LIVE> Port<dpid=1, port_no=4, LIVE> Port<dpid=1, port_no=1, LIVE> Port<dpid=1, port_no=6, LIVE> Port<dpid=1, port_no=2, LIVE> Port<dpid=1, port_no=3, LIVE> >
EVENT ofp_event->switches EventOFPStateChange
<ryu.controller.controller.Datapath object at 0x75fefd7c0d60>
unregister Switch<dpid=6, Port<dpid=6, port_no=1, LIVE> Port<dpid=6, port_no=4, LIVE> Port<dpid=6, port_no=2, LIVE> Port<dpid=6, port_no=3, LIVE> >
EVENT ofp_event->switches EventOFPStateChange
<ryu.controller.controller.Datapath object at 0x75fefd75a490>
unregister Switch<dpid=3, Port<dpid=3, port_no=5, LIVE> Port<dpid=3, port_no=6, LIVE> Port<dpid=3, port_no=1, LIVE> Port<dpid=3, port_no=7, LIVE> Port<dpid=3, port_no=4, LIVE> Port<dpid=3, port_no=2, LIVE> Port<dpid=3, port_no=3, LIVE> >
EVENT ofp_event->switches EventOFPStateChange
<ryu.controller.controller.Datapath object at 0x75fefd7c0610>
unregister Switch<dpid=2, Port<dpid=2, port_no=5, LIVE> Port<dpid=2, port_no=7, LIVE> Port<dpid=2, port_no=4, LIVE> Port<dpid=2, port_no=6, LIVE> Port<dpid=2, port_no=1, LIVE> Port<dpid=2, port_no=2, LIVE> Port<dpid=2, port_no=3, LIVE> >
EVENT ofp_event->switches EventOFPStateChange
<ryu.controller.controller.Datapath object at 0x75fefd7c06a0>
unregister Switch<dpid=8, Port<dpid=8, port_no=1, LIVE> Port<dpid=8, port_no=2, LIVE> Port<dpid=8, port_no=3, LIVE> >
EVENT ofp_event->switches EventOFPStateChange
<ryu.controller.controller.Datapath object at 0x75fefd762790>
unregister Switch<dpid=7, Port<dpid=7, port_no=1, LIVE> Port<dpid=7, port_no=2, LIVE> >
EVENT ofp_event->switches EventOFPStateChange
<ryu.controller.controller.Datapath object at 0x75fefd762eb0>
unregister Switch<dpid=4, Port<dpid=4, port_no=4, LIVE> Port<dpid=4, port_no=1, LIVE> Port<dpid=4, port_no=2, LIVE> Port<dpid=4, port_no=3, LIVE> >
EVENT ofp_event->switches EventOFPStateChange
<ryu.controller.controller.Datapath object at 0x75fefd76d5b0>
unregister Switch<dpid=5, Port<dpid=5, port_no=1, LIVE> Port<dpid=5, port_no=2, LIVE> Port<dpid=5, port_no=3, LIVE> >
connected socket:<eventlet.greenio.base.GreenSocket object at 0x75fefd7f36a0> address:('127.0.0.1', 40898)
EVENT ofp_event->switches EventOFPStateChange
<ryu.controller.controller.Datapath object at 0x75fefd7c0c40>
connected socket:<eventlet.greenio.base.GreenSocket object at 0x75fefd7f3610> address:('127.0.0.1', 40902)
connected socket:<eventlet.greenio.base.GreenSocket object at 0x75fefd7c0f70> address:('127.0.0.1', 40914)
connected socket:<eventlet.greenio.base.GreenSocket object at 0x75fefd787520> address:('127.0.0.1', 40922)
connected socket:<eventlet.greenio.base.GreenSocket object at 0x75fefd784d00> address:('127.0.0.1', 40938)
connected socket:<eventlet.greenio.base.GreenSocket object at 0x75fefd784340> address:('127.0.0.1', 40954)
connected socket:<eventlet.greenio.base.GreenSocket object at 0x75fefd778a30> address:('127.0.0.1', 40958)
connected socket:<eventlet.greenio.base.GreenSocket object at 0x75fefd71f7c0> address:('127.0.0.1', 40960)
hello ev <ryu.controller.ofp_event.EventOFPHello object at 0x75fefd75acd0>
move onto config mode
connected socket:<eventlet.greenio.base.GreenSocket object at 0x75fefd71f880> address:('127.0.0.1', 40968)
hello ev <ryu.controller.ofp_event.EventOFPHello object at 0x75fefd71fc10>
move onto config mode
hello ev <ryu.controller.ofp_event.EventOFPHello object at 0x75fefd7844c0>
move onto config mode
hello ev <ryu.controller.ofp_event.EventOFPHello object at 0x75fefd7848e0>
move onto config mode
hello ev <ryu.controller.ofp_event.EventOFPHello object at 0x75fefd784850>
move onto config mode
hello ev <ryu.controller.ofp_event.EventOFPHello object at 0x75fefd7c0f40>
move onto config mode
hello ev <ryu.controller.ofp_event.EventOFPHello object at 0x75fefd7eebe0>
move onto config mode
hello ev <ryu.controller.ofp_event.EventOFPHello object at 0x75fefd7ee520>
move onto config mode
EVENT ofp_event->RT_MQTT_Controller EventOFPSwitchFeatures
switch features ev version=0x4,msg_type=0x6,msg_len=0x20,xid=0xef93a2a1,OFPSwitchFeatures(auxiliary_id=0,capabilities=79,datapath_id=6,n_buffers=0,n_tables=254)
EVENT ofp_event->RT_MQTT_Controller EventOFPSwitchFeatures
switch features ev version=0x4,msg_type=0x6,msg_len=0x20,xid=0x3e26f280,OFPSwitchFeatures(auxiliary_id=0,capabilities=79,datapath_id=2,n_buffers=0,n_tables=254)
EVENT ofp_event->RT_MQTT_Controller EventOFPSwitchFeatures
switch features ev version=0x4,msg_type=0x6,msg_len=0x20,xid=0xe866bdc3,OFPSwitchFeatures(auxiliary_id=0,capabilities=79,datapath_id=1,n_buffers=0,n_tables=254)
EVENT ofp_event->RT_MQTT_Controller EventOFPSwitchFeatures
switch features ev version=0x4,msg_type=0x6,msg_len=0x20,xid=0xd358a960,OFPSwitchFeatures(auxiliary_id=0,capabilities=79,datapath_id=3,n_buffers=0,n_tables=254)
move onto main mode
EVENT ofp_event->switches EventOFPStateChange
EVENT ofp_event->RT_MQTT_Controller EventOFPSwitchFeatures
switch features ev version=0x4,msg_type=0x6,msg_len=0x20,xid=0xab920a90,OFPSwitchFeatures(auxiliary_id=0,capabilities=79,datapath_id=8,n_buffers=0,n_tables=254)
EVENT ofp_event->RT_MQTT_Controller EventOFPSwitchFeatures
switch features ev version=0x4,msg_type=0x6,msg_len=0x20,xid=0x44b2110d,OFPSwitchFeatures(auxiliary_id=0,capabilities=79,datapath_id=7,n_buffers=0,n_tables=254)
EVENT ofp_event->RT_MQTT_Controller EventOFPSwitchFeatures
switch features ev version=0x4,msg_type=0x6,msg_len=0x20,xid=0xcee3816a,OFPSwitchFeatures(auxiliary_id=0,capabilities=79,datapath_id=4,n_buffers=0,n_tables=254)
EVENT ofp_event->RT_MQTT_Controller EventOFPSwitchFeatures
switch features ev version=0x4,msg_type=0x6,msg_len=0x20,xid=0xe858ee67,OFPSwitchFeatures(auxiliary_id=0,capabilities=79,datapath_id=5,n_buffers=0,n_tables=254)
<ryu.controller.controller.Datapath object at 0x75fefd7c08e0>
register Switch<dpid=6, Port<dpid=6, port_no=1, LIVE> Port<dpid=6, port_no=4, LIVE> Port<dpid=6, port_no=2, LIVE> Port<dpid=6, port_no=3, LIVE> >
move onto main mode
EVENT ofp_event->switches EventOFPStateChange
move onto main mode
EVENT ofp_event->switches EventOFPStateChange
move onto main mode
EVENT ofp_event->switches EventOFPStateChange
<ryu.controller.controller.Datapath object at 0x75fefd76d100>
register Switch<dpid=3, Port<dpid=3, port_no=5, LIVE> Port<dpid=3, port_no=6, LIVE> Port<dpid=3, port_no=7, LIVE> Port<dpid=3, port_no=1, LIVE> Port<dpid=3, port_no=4, LIVE> Port<dpid=3, port_no=2, LIVE> Port<dpid=3, port_no=3, LIVE> >
<ryu.controller.controller.Datapath object at 0x75fefd7c0760>
register Switch<dpid=1, Port<dpid=1, port_no=5, LIVE> Port<dpid=1, port_no=7, LIVE> Port<dpid=1, port_no=4, LIVE> Port<dpid=1, port_no=6, LIVE> Port<dpid=1, port_no=1, LIVE> Port<dpid=1, port_no=2, LIVE> Port<dpid=1, port_no=3, LIVE> >
<ryu.controller.controller.Datapath object at 0x75fefd784100>
register Switch<dpid=2, Port<dpid=2, port_no=5, LIVE> Port<dpid=2, port_no=6, LIVE> Port<dpid=2, port_no=4, LIVE> Port<dpid=2, port_no=7, LIVE> Port<dpid=2, port_no=1, LIVE> Port<dpid=2, port_no=2, LIVE> Port<dpid=2, port_no=3, LIVE> >
move onto main mode
EVENT ofp_event->switches EventOFPStateChange
move onto main mode
EVENT ofp_event->switches EventOFPStateChange
move onto main mode
EVENT ofp_event->switches EventOFPStateChange
move onto main mode
EVENT ofp_event->switches EventOFPStateChange
<ryu.controller.controller.Datapath object at 0x75fefd7840d0>
register Switch<dpid=8, Port<dpid=8, port_no=1, LIVE> Port<dpid=8, port_no=2, LIVE> Port<dpid=8, port_no=3, LIVE> >
<ryu.controller.controller.Datapath object at 0x75fefd71f040>
register Switch<dpid=4, Port<dpid=4, port_no=1, LIVE> Port<dpid=4, port_no=4, LIVE> Port<dpid=4, port_no=2, LIVE> Port<dpid=4, port_no=3, LIVE> >
<ryu.controller.controller.Datapath object at 0x75fefd71fa30>
register Switch<dpid=7, Port<dpid=7, port_no=1, LIVE> Port<dpid=7, port_no=2, LIVE> >
<ryu.controller.controller.Datapath object at 0x75fefd7f3880>
register Switch<dpid=5, Port<dpid=5, port_no=1, LIVE> Port<dpid=5, port_no=2, LIVE> Port<dpid=5, port_no=3, LIVE> >
EVENT ofp_event->switches EventOFPPacketIn
EVENT ofp_event->switches EventOFPPacketIn
EVENT ofp_event->switches EventOFPPacketIn
EVENT ofp_event->switches EventOFPPacketIn
EVENT ofp_event->switches EventOFPPacketIn
EVENT ofp_event->switches EventOFPPacketIn
EVENT ofp_event->switches EventOFPPacketIn
EVENT ofp_event->switches EventOFPPacketIn
EVENT ofp_event->switches EventOFPPacketIn
EVENT ofp_event->switches EventOFPPacketIn
EVENT ofp_event->switches EventOFPPacketIn
EVENT ofp_event->switches EventOFPPacketIn
EVENT ofp_event->switches EventOFPPacketIn
EVENT ofp_event->switches EventOFPPacketIn
EVENT ofp_event->switches EventOFPPacketIn
EVENT ofp_event->switches EventOFPPacketIn
EVENT ofp_event->switches EventOFPPacketIn
EVENT ofp_event->switches EventOFPPacketIn
EVENT ofp_event->switches EventOFPPacketIn
EVENT ofp_event->switches EventOFPPacketIn
EVENT ofp_event->switches EventOFPPacketIn
EVENT ofp_event->switches EventOFPPacketIn
EVENT ofp_event->switches EventOFPPacketIn
EVENT ofp_event->switches EventOFPPacketIn
EVENT ofp_event->switches EventOFPPacketIn
EVENT ofp_event->switches EventOFPPacketIn
EVENT ofp_event->switches EventOFPPacketIn
EVENT ofp_event->switches EventOFPPacketIn
EVENT ofp_event->switches EventOFPPacketIn
EVENT ofp_event->switches EventOFPPacketIn
EVENT ofp_event->switches EventOFPPacketIn
EVENT ofp_event->switches EventOFPPacketIn
EVENT ofp_event->switches EventOFPPacketIn
EVENT ofp_event->switches EventOFPPacketIn
EVENT ofp_event->switches EventOFPPacketIn
EVENT ofp_event->switches EventOFPPacketIn
EVENT ofp_event->switches EventOFPPacketIn
EVENT ofp_event->switches EventOFPPacketIn
EVENT ofp_event->switches EventOFPPacketIn
EVENT ofp_event->switches EventOFPPacketIn
EVENT ofp_event->switches EventOFPPacketIn
EVENT ofp_event->switches EventOFPPacketIn
EVENT ofp_event->switches EventOFPPacketIn
EVENT ofp_event->switches EventOFPPacketIn
EVENT ofp_event->switches EventOFPPacketIn
EVENT ofp_event->switches EventOFPPacketIn
EVENT ofp_event->switches EventOFPPacketIn
EVENT ofp_event->switches EventOFPPacketIn
EVENT ofp_event->switches EventOFPPacketIn
EVENT ofp_event->switches EventOFPPacketIn
EVENT ofp_event->switches EventOFPPacketIn
EVENT ofp_event->switches EventOFPPacketIn
EVENT ofp_event->switches EventOFPPacketIn
EVENT ofp_event->switches EventOFPPacketIn
EVENT ofp_event->switches EventOFPPacketIn
EVENT ofp_event->switches EventOFPPacketIn
EVENT ofp_event->switches EventOFPPacketIn
EVENT ofp_event->switches EventOFPPacketIn
EVENT ofp_event->switches EventOFPPacketIn
EVENT ofp_event->switches EventOFPPacketIn
EVENT ofp_event->switches EventOFPPacketIn
EVENT ofp_event->switches EventOFPPacketIn
EVENT ofp_event->switches EventOFPPacketIn
EVENT ofp_event->switches EventOFPPacketIn
EVENT ofp_event->switches EventOFPPacketIn
EVENT ofp_event->switches EventOFPPacketIn
EVENT ofp_event->switches EventOFPPacketIn
EVENT ofp_event->switches EventOFPPacketIn
EVENT ofp_event->switches EventOFPPacketIn
EVENT ofp_event->switches EventOFPPacketIn
EVENT ofp_event->switches EventOFPPacketIn
EVENT ofp_event->switches EventOFPPacketIn
EVENT ofp_event->switches EventOFPPacketIn
EVENT ofp_event->switches EventOFPPacketIn
EVENT ofp_event->switches EventOFPPacketIn
EVENT ofp_event->switches EventOFPPacketIn
EVENT ofp_event->switches EventOFPPacketIn
EVENT ofp_event->switches EventOFPPacketIn
EVENT ofp_event->switches EventOFPPacketIn
EVENT ofp_event->switches EventOFPPacketIn
EVENT ofp_event->switches EventOFPPacketIn
EVENT ofp_event->switches EventOFPPacketIn
EVENT ofp_event->switches EventOFPPacketIn
EVENT ofp_event->switches EventOFPPacketIn
EVENT ofp_event->switches EventOFPPacketIn
EVENT ofp_event->switches EventOFPPacketIn
EVENT ofp_event->switches EventOFPPacketIn
EVENT ofp_event->switches EventOFPPacketIn
EVENT ofp_event->switches EventOFPPacketIn
EVENT ofp_event->switches EventOFPPacketIn
EVENT ofp_event->switches EventOFPPacketIn
EVENT ofp_event->switches EventOFPPacketIn
EVENT ofp_event->switches EventOFPPacketIn
EVENT ofp_event->switches EventOFPPacketIn
EVENT ofp_event->switches EventOFPPacketIn
EVENT ofp_event->switches EventOFPPacketIn
EVENT ofp_event->switches EventOFPPacketIn
EVENT ofp_event->switches EventOFPPacketIn
EVENT ofp_event->switches EventOFPPacketIn
EVENT ofp_event->switches EventOFPPacketIn
EVENT ofp_event->switches EventOFPPacketIn
EVENT ofp_event->switches EventOFPPacketIn
EVENT ofp_event->switches EventOFPPacketIn
EVENT ofp_event->switches EventOFPPacketIn
EVENT ofp_event->switches EventOFPPacketIn
EVENT ofp_event->switches EventOFPPacketIn
EVENT ofp_event->switches EventOFPPacketIn
EVENT ofp_event->switches EventOFPPacketIn
EVENT ofp_event->switches EventOFPPacketIn
EVENT ofp_event->switches EventOFPPacketIn
EVENT ofp_event->switches EventOFPPacketIn
EVENT ofp_event->switches EventOFPPacketIn
EVENT ofp_event->switches EventOFPPacketIn
EVENT ofp_event->switches EventOFPPacketIn
EVENT ofp_event->switches EventOFPPacketIn
EVENT ofp_event->switches EventOFPPacketIn
EVENT ofp_event->switches EventOFPPacketIn
EVENT ofp_event->switches EventOFPPacketIn
EVENT ofp_event->switches EventOFPPacketIn
EVENT ofp_event->switches EventOFPPacketIn
EVENT ofp_event->switches EventOFPPacketIn
EVENT ofp_event->switches EventOFPPacketIn
EVENT ofp_event->switches EventOFPPacketIn
EVENT ofp_event->switches EventOFPPacketIn
EVENT ofp_event->switches EventOFPPacketIn
EVENT ofp_event->switches EventOFPPacketIn
EVENT ofp_event->switches EventOFPPacketIn
EVENT ofp_event->switches EventOFPPacketIn
EVENT ofp_event->switches EventOFPPacketIn
EVENT ofp_event->switches EventOFPPacketIn
EVENT ofp_event->switches EventOFPPacketIn
EVENT ofp_event->switches EventOFPPacketIn
EVENT ofp_event->switches EventOFPPacketIn
EVENT ofp_event->switches EventOFPPacketIn
EVENT ofp_event->switches EventOFPPacketIn
EVENT ofp_event->switches EventOFPPacketIn
EVENT ofp_event->switches EventOFPPacketIn
EVENT ofp_event->switches EventOFPPacketIn
EVENT ofp_event->switches EventOFPPacketIn
EVENT ofp_event->switches EventOFPPacketIn
EVENT ofp_event->switches EventOFPPacketIn
EVENT ofp_event->switches EventOFPPacketIn
EVENT ofp_event->switches EventOFPPacketIn
EVENT ofp_event->switches EventOFPPacketIn
EVENT ofp_event->switches EventOFPPacketIn
EVENT ofp_event->switches EventOFPPacketIn
EVENT ofp_event->switches EventOFPPacketIn
EVENT ofp_event->switches EventOFPPacketIn
EVENT ofp_event->switches EventOFPPacketIn
EVENT ofp_event->switches EventOFPPacketIn
EVENT ofp_event->switches EventOFPPacketIn
EVENT ofp_event->switches EventOFPPacketIn
EVENT ofp_event->switches EventOFPPacketIn
EVENT ofp_event->switches EventOFPPacketIn
EVENT ofp_event->switches EventOFPPacketIn
EVENT ofp_event->switches EventOFPPacketIn
EVENT ofp_event->switches EventOFPPacketIn
EVENT ofp_event->switches EventOFPPacketIn
EVENT ofp_event->switches EventOFPPacketIn
EVENT ofp_event->switches EventOFPPacketIn
EVENT ofp_event->switches EventOFPPacketIn
EVENT ofp_event->switches EventOFPPacketIn
EVENT ofp_event->switches EventOFPPacketIn
EVENT ofp_event->switches EventOFPPacketIn
EVENT ofp_event->switches EventOFPPacketIn
EVENT ofp_event->switches EventOFPPacketIn
EVENT ofp_event->switches EventOFPPacketIn
EVENT ofp_event->switches EventOFPPacketIn
EVENT ofp_event->switches EventOFPPacketIn
EVENT ofp_event->switches EventOFPPacketIn
EVENT ofp_event->switches EventOFPPacketIn
EVENT ofp_event->switches EventOFPPacketIn
EVENT ofp_event->switches EventOFPPacketIn
EVENT ofp_event->switches EventOFPPacketIn
EVENT ofp_event->switches EventOFPPacketIn
EVENT ofp_event->switches EventOFPPacketIn
EVENT ofp_event->switches EventOFPPacketIn
EVENT ofp_event->switches EventOFPPacketIn
EVENT ofp_event->switches EventOFPPacketIn
EVENT ofp_event->switches EventOFPPacketIn
EVENT ofp_event->switches EventOFPPacketIn
EVENT ofp_event->switches EventOFPPacketIn
EVENT ofp_event->switches EventOFPPacketIn
EVENT ofp_event->switches EventOFPPacketIn
EVENT ofp_event->switches EventOFPPacketIn
EVENT ofp_event->switches EventOFPPacketIn
EVENT ofp_event->switches EventOFPPacketIn
EVENT ofp_event->switches EventOFPPacketIn
EVENT ofp_event->switches EventOFPPacketIn
EVENT ofp_event->switches EventOFPPacketIn
EVENT ofp_event->switches EventOFPPacketIn
EVENT ofp_event->switches EventOFPPacketIn
EVENT ofp_event->switches EventOFPPacketIn
EVENT ofp_event->switches EventOFPPacketIn
EVENT ofp_event->switches EventOFPPacketIn
EVENT ofp_event->switches EventOFPPacketIn
EVENT ofp_event->switches EventOFPPacketIn
EVENT ofp_event->switches EventOFPPacketIn
EVENT ofp_event->switches EventOFPPacketIn
EVENT ofp_event->switches EventOFPPacketIn
EVENT ofp_event->switches EventOFPPacketIn
EVENT ofp_event->switches EventOFPPacketIn
EVENT ofp_event->switches EventOFPPacketIn
EVENT ofp_event->switches EventOFPPacketIn
EVENT ofp_event->switches EventOFPPacketIn
EVENT ofp_event->switches EventOFPPacketIn
EVENT ofp_event->switches EventOFPPacketIn
EVENT ofp_event->switches EventOFPPacketIn
EVENT ofp_event->switches EventOFPPacketIn
EVENT ofp_event->switches EventOFPPacketIn
EVENT ofp_event->switches EventOFPPacketIn
EVENT ofp_event->switches EventOFPPacketIn
EVENT ofp_event->switches EventOFPPacketIn
EVENT ofp_event->switches EventOFPPacketIn
EVENT ofp_event->switches EventOFPPacketIn
EVENT ofp_event->switches EventOFPPacketIn
EVENT ofp_event->switches EventOFPPacketIn
EVENT ofp_event->switches EventOFPPacketIn
EVENT ofp_event->switches EventOFPPacketIn
EVENT ofp_event->switches EventOFPPacketIn
EVENT ofp_event->switches EventOFPPacketIn
EVENT ofp_event->switches EventOFPPacketIn
EVENT ofp_event->switches EventOFPPacketIn
EVENT ofp_event->switches EventOFPPacketIn
EVENT ofp_event->switches EventOFPPacketIn
EVENT ofp_event->switches EventOFPPacketIn
EVENT ofp_event->switches EventOFPPacketIn
EVENT ofp_event->switches EventOFPPacketIn
EVENT ofp_event->switches EventOFPPacketIn
EVENT ofp_event->switches EventOFPPacketIn
EVENT ofp_event->switches EventOFPPacketIn
EVENT ofp_event->switches EventOFPPacketIn
EVENT ofp_event->switches EventOFPPacketIn
EVENT ofp_event->switches EventOFPPacketIn
EVENT ofp_event->switches EventOFPPacketIn
EVENT ofp_event->switches EventOFPPacketIn
EVENT ofp_event->switches EventOFPPacketIn
EVENT ofp_event->switches EventOFPPacketIn
EVENT ofp_event->switches EventOFPPacketIn
EVENT ofp_event->switches EventOFPPacketIn
EVENT ofp_event->switches EventOFPPacketIn
EVENT ofp_event->switches EventOFPPacketIn
EVENT ofp_event->switches EventOFPPacketIn
EVENT ofp_event->switches EventOFPPacketIn
EVENT ofp_event->switches EventOFPPacketIn
EVENT ofp_event->switches EventOFPPacketIn
EVENT ofp_event->switches EventOFPPacketIn
EVENT ofp_event->switches EventOFPPacketIn
EVENT ofp_event->switches EventOFPPacketIn
EVENT ofp_event->switches EventOFPPacketIn
EVENT ofp_event->switches EventOFPPacketIn
EVENT ofp_event->switches EventOFPPacketIn
EVENT ofp_event->switches EventOFPPacketIn
EVENT ofp_event->switches EventOFPPacketIn
EVENT ofp_event->switches EventOFPPacketIn
EVENT ofp_event->switches EventOFPPacketIn
EVENT ofp_event->switches EventOFPPacketIn
EVENT ofp_event->switches EventOFPPacketIn
EVENT ofp_event->switches EventOFPPacketIn
EVENT ofp_event->switches EventOFPPacketIn
EVENT ofp_event->switches EventOFPPacketIn
EVENT ofp_event->switches EventOFPPacketIn
EVENT ofp_event->switches EventOFPPacketIn
EVENT ofp_event->switches EventOFPPacketIn
EVENT ofp_event->switches EventOFPPacketIn
EVENT ofp_event->switches EventOFPPacketIn
EVENT ofp_event->switches EventOFPPacketIn
EVENT ofp_event->switches EventOFPPacketIn
EVENT ofp_event->switches EventOFPPacketIn
EVENT ofp_event->switches EventOFPPacketIn
EVENT ofp_event->switches EventOFPPacketIn
EVENT ofp_event->switches EventOFPPacketIn
EVENT ofp_event->switches EventOFPPacketIn
EVENT ofp_event->switches EventOFPPacketIn
EVENT ofp_event->switches EventOFPPacketIn
EVENT ofp_event->switches EventOFPPacketIn
EVENT ofp_event->switches EventOFPPacketIn
EVENT ofp_event->switches EventOFPPacketIn
EVENT ofp_event->switches EventOFPPacketIn
EVENT ofp_event->switches EventOFPPacketIn
EVENT ofp_event->switches EventOFPPacketIn
EVENT ofp_event->switches EventOFPPacketIn
EVENT ofp_event->switches EventOFPPacketIn
EVENT ofp_event->switches EventOFPPacketIn
EVENT ofp_event->switches EventOFPPacketIn
EVENT ofp_event->switches EventOFPPacketIn
EVENT ofp_event->switches EventOFPPacketIn
EVENT ofp_event->switches EventOFPPacketIn
EVENT ofp_event->switches EventOFPPacketIn
EVENT ofp_event->switches EventOFPPacketIn
EVENT ofp_event->switches EventOFPPacketIn
EVENT ofp_event->switches EventOFPPacketIn
EVENT ofp_event->switches EventOFPPacketIn
EVENT ofp_event->switches EventOFPPacketIn
EVENT ofp_event->switches EventOFPPacketIn
EVENT ofp_event->switches EventOFPPacketIn
EVENT ofp_event->switches EventOFPPacketIn
EVENT ofp_event->switches EventOFPPacketIn
EVENT ofp_event->switches EventOFPPacketIn
EVENT ofp_event->switches EventOFPPacketIn
EVENT ofp_event->switches EventOFPPacketIn
EVENT ofp_event->switches EventOFPPacketIn
EVENT ofp_event->switches EventOFPPacketIn
EVENT ofp_event->switches EventOFPPacketIn
EVENT ofp_event->switches EventOFPPacketIn
EVENT ofp_event->switches EventOFPPacketIn
EVENT ofp_event->switches EventOFPPacketIn
EVENT ofp_event->switches EventOFPPacketIn
EVENT ofp_event->switches EventOFPPacketIn
EVENT ofp_event->switches EventOFPPacketIn
EVENT ofp_event->switches EventOFPPacketIn
EVENT ofp_event->switches EventOFPPacketIn
EVENT ofp_event->switches EventOFPPacketIn
EVENT ofp_event->switches EventOFPPacketIn
EVENT ofp_event->switches EventOFPPacketIn
EVENT ofp_event->switches EventOFPPacketIn
EVENT ofp_event->switches EventOFPPacketIn
EVENT ofp_event->switches EventOFPPacketIn
EVENT ofp_event->switches EventOFPPacketIn
EVENT ofp_event->switches EventOFPPacketIn
EVENT ofp_event->switches EventOFPPacketIn
EVENT ofp_event->switches EventOFPPacketIn
EVENT ofp_event->switches EventOFPPacketIn
EVENT ofp_event->switches EventOFPPacketIn
EVENT ofp_event->switches EventOFPPacketIn
EVENT ofp_event->switches EventOFPPacketIn
EVENT ofp_event->switches EventOFPPacketIn
EVENT ofp_event->switches EventOFPPacketIn
EVENT ofp_event->switches EventOFPPacketIn
EVENT ofp_event->switches EventOFPPacketIn
EVENT ofp_event->switches EventOFPPacketIn
EVENT ofp_event->switches EventOFPPacketIn
EVENT ofp_event->switches EventOFPPacketIn
EVENT ofp_event->switches EventOFPPacketIn
EVENT ofp_event->switches EventOFPPacketIn
EVENT ofp_event->switches EventOFPPacketIn
EVENT ofp_event->switches EventOFPPacketIn
EVENT ofp_event->switches EventOFPPacketIn
EVENT ofp_event->switches EventOFPPacketIn
EVENT ofp_event->switches EventOFPPacketIn
EVENT ofp_event->switches EventOFPPacketIn
EVENT ofp_event->switches EventOFPPacketIn
EVENT ofp_event->switches EventOFPPacketIn
EVENT ofp_event->switches EventOFPPacketIn
EVENT ofp_event->switches EventOFPPacketIn
EVENT ofp_event->switches EventOFPPacketIn
EVENT ofp_event->switches EventOFPPacketIn
EVENT ofp_event->switches EventOFPPacketIn
EVENT ofp_event->switches EventOFPPacketIn
EVENT ofp_event->switches EventOFPPacketIn
EVENT ofp_event->switches EventOFPPacketIn
EVENT ofp_event->switches EventOFPPacketIn
EVENT ofp_event->switches EventOFPPacketIn
EVENT ofp_event->switches EventOFPPacketIn
EVENT ofp_event->switches EventOFPPacketIn
EVENT ofp_event->switches EventOFPPacketIn
EVENT ofp_event->switches EventOFPPacketIn
EVENT ofp_event->switches EventOFPPacketIn
EVENT ofp_event->switches EventOFPPacketIn
EVENT ofp_event->switches EventOFPPacketIn
EVENT ofp_event->switches EventOFPPacketIn
EVENT ofp_event->switches EventOFPPacketIn
EVENT ofp_event->switches EventOFPPacketIn
EVENT ofp_event->switches EventOFPPacketIn
EVENT ofp_event->switches EventOFPPacketIn
EVENT ofp_event->switches EventOFPPacketIn
EVENT ofp_event->switches EventOFPPacketIn
EVENT ofp_event->switches EventOFPPacketIn
EVENT ofp_event->switches EventOFPPacketIn
EVENT ofp_event->switches EventOFPPacketIn
EVENT ofp_event->switches EventOFPPacketIn
EVENT ofp_event->switches EventOFPPacketIn
EVENT ofp_event->switches EventOFPPacketIn
EVENT ofp_event->switches EventOFPPacketIn
EVENT ofp_event->switches EventOFPPacketIn
EVENT ofp_event->switches EventOFPPacketIn
EVENT ofp_event->switches EventOFPPacketIn
EVENT ofp_event->switches EventOFPPacketIn
EVENT ofp_event->switches EventOFPPacketIn
EVENT ofp_event->switches EventOFPPacketIn
EVENT ofp_event->switches EventOFPPacketIn
EVENT ofp_event->switches EventOFPPacketIn
EVENT ofp_event->switches EventOFPPacketIn
EVENT ofp_event->switches EventOFPPacketIn
EVENT ofp_event->switches EventOFPPacketIn
EVENT ofp_event->switches EventOFPPacketIn
EVENT ofp_event->switches EventOFPPacketIn
EVENT ofp_event->switches EventOFPPacketIn
EVENT ofp_event->switches EventOFPPacketIn
EVENT ofp_event->switches EventOFPPacketIn
EVENT ofp_event->switches EventOFPPacketIn
EVENT ofp_event->switches EventOFPPacketIn
EVENT ofp_event->switches EventOFPPacketIn
EVENT ofp_event->switches EventOFPPacketIn
EVENT ofp_event->switches EventOFPPacketIn
EVENT ofp_event->switches EventOFPPacketIn
EVENT ofp_event->switches EventOFPPacketIn
EVENT ofp_event->switches EventOFPPacketIn
EVENT ofp_event->switches EventOFPPacketIn
EVENT ofp_event->switches EventOFPPacketIn
EVENT ofp_event->switches EventOFPPacketIn
EVENT ofp_event->switches EventOFPPacketIn
EVENT ofp_event->switches EventOFPPacketIn
EVENT ofp_event->switches EventOFPPacketIn
EVENT ofp_event->switches EventOFPPacketIn
EVENT ofp_event->switches EventOFPPacketIn
EVENT ofp_event->switches EventOFPPacketIn
EVENT ofp_event->switches EventOFPPacketIn
EVENT ofp_event->switches EventOFPPacketIn
EVENT ofp_event->switches EventOFPPacketIn
EVENT ofp_event->switches EventOFPPacketIn
EVENT ofp_event->switches EventOFPPacketIn
EVENT ofp_event->switches EventOFPPacketIn
EVENT ofp_event->switches EventOFPPacketIn
EVENT ofp_event->switches EventOFPPacketIn
EVENT ofp_event->switches EventOFPPacketIn
EVENT ofp_event->switches EventOFPPacketIn
EVENT ofp_event->switches EventOFPPacketIn
EVENT ofp_event->switches EventOFPPacketIn
EVENT ofp_event->switches EventOFPPacketIn
EVENT ofp_event->switches EventOFPPacketIn
EVENT ofp_event->switches EventOFPPacketIn
EVENT ofp_event->switches EventOFPPacketIn
EVENT ofp_event->switches EventOFPPacketIn
EVENT ofp_event->switches EventOFPPacketIn
EVENT ofp_event->switches EventOFPPacketIn
EVENT ofp_event->switches EventOFPPacketIn
EVENT ofp_event->switches EventOFPPacketIn
EVENT ofp_event->switches EventOFPPacketIn
EVENT ofp_event->switches EventOFPPacketIn
EVENT ofp_event->switches EventOFPPacketIn
EVENT ofp_event->switches EventOFPPacketIn
EVENT ofp_event->switches EventOFPPacketIn
EVENT ofp_event->switches EventOFPPacketIn
EVENT ofp_event->switches EventOFPPacketIn
EVENT ofp_event->switches EventOFPPacketIn
EVENT ofp_event->switches EventOFPPacketIn
EVENT ofp_event->switches EventOFPPacketIn
EVENT ofp_event->switches EventOFPPacketIn
EVENT ofp_event->switches EventOFPPacketIn
EVENT ofp_event->switches EventOFPPacketIn
EVENT ofp_event->switches EventOFPPacketIn
EVENT ofp_event->switches EventOFPPacketIn
EVENT ofp_event->switches EventOFPPacketIn
EVENT ofp_event->switches EventOFPPacketIn
EVENT ofp_event->switches EventOFPPacketIn
EVENT ofp_event->switches EventOFPPacketIn
EVENT ofp_event->switches EventOFPPacketIn
EVENT ofp_event->switches EventOFPPacketIn
EVENT ofp_event->switches EventOFPPacketIn
EVENT ofp_event->switches EventOFPPacketIn
EVENT ofp_event->switches EventOFPPacketIn
EVENT ofp_event->switches EventOFPPacketIn
EVENT ofp_event->switches EventOFPPacketIn
EVENT ofp_event->switches EventOFPPacketIn
EVENT ofp_event->switches EventOFPPacketIn
EVENT ofp_event->switches EventOFPPacketIn
EVENT ofp_event->switches EventOFPPacketIn
EVENT ofp_event->switches EventOFPPacketIn
EVENT ofp_event->switches EventOFPPacketIn
EVENT ofp_event->switches EventOFPPacketIn
EVENT ofp_event->switches EventOFPPacketIn
EVENT ofp_event->switches EventOFPPacketIn
EVENT ofp_event->switches EventOFPPacketIn
EVENT ofp_event->switches EventOFPPacketIn
EVENT ofp_event->switches EventOFPPacketIn
EVENT ofp_event->switches EventOFPPacketIn
EVENT ofp_event->switches EventOFPPacketIn
EVENT ofp_event->switches EventOFPPacketIn
EVENT ofp_event->switches EventOFPPacketIn
EVENT ofp_event->switches EventOFPPacketIn
EVENT ofp_event->switches EventOFPPacketIn
EVENT ofp_event->switches EventOFPPacketIn
EVENT ofp_event->switches EventOFPPacketIn
EVENT ofp_event->switches EventOFPPacketIn
EVENT ofp_event->switches EventOFPPacketIn
EVENT ofp_event->switches EventOFPPacketIn
EVENT ofp_event->switches EventOFPPacketIn
EVENT ofp_event->switches EventOFPPacketIn
EVENT ofp_event->switches EventOFPPacketIn
EVENT ofp_event->switches EventOFPPacketIn
EVENT ofp_event->switches EventOFPPacketIn
EVENT ofp_event->switches EventOFPPacketIn
EVENT ofp_event->switches EventOFPPacketIn
EVENT ofp_event->switches EventOFPPacketIn
EVENT ofp_event->switches EventOFPPacketIn
EVENT ofp_event->switches EventOFPPacketIn
EVENT ofp_event->switches EventOFPPacketIn
EVENT ofp_event->switches EventOFPPacketIn
EVENT ofp_event->switches EventOFPPacketIn
EVENT ofp_event->switches EventOFPPacketIn
EVENT ofp_event->switches EventOFPPacketIn
EVENT ofp_event->switches EventOFPPacketIn
EVENT ofp_event->switches EventOFPPacketIn
EVENT ofp_event->switches EventOFPPacketIn
EVENT ofp_event->switches EventOFPPacketIn
EVENT ofp_event->switches EventOFPPacketIn
EVENT ofp_event->switches EventOFPPacketIn
EVENT ofp_event->switches EventOFPPacketIn
EVENT ofp_event->switches EventOFPPacketIn
EVENT ofp_event->switches EventOFPPacketIn
EVENT ofp_event->switches EventOFPPacketIn
EVENT ofp_event->switches EventOFPPacketIn
EVENT ofp_event->switches EventOFPPacketIn
EVENT ofp_event->switches EventOFPPacketIn
EVENT ofp_event->switches EventOFPPacketIn
EVENT ofp_event->switches EventOFPPacketIn
EVENT ofp_event->switches EventOFPPacketIn
EVENT ofp_event->switches EventOFPPacketIn
EVENT ofp_event->switches EventOFPPacketIn
EVENT ofp_event->switches EventOFPPacketIn
EVENT ofp_event->switches EventOFPPacketIn
EVENT ofp_event->switches EventOFPPacketIn
EVENT ofp_event->switches EventOFPPacketIn
EVENT ofp_event->switches EventOFPPacketIn
EVENT ofp_event->switches EventOFPPacketIn
EVENT ofp_event->switches EventOFPPacketIn
EVENT ofp_event->switches EventOFPPacketIn
EVENT ofp_event->switches EventOFPPacketIn
EVENT ofp_event->switches EventOFPPacketIn
EVENT ofp_event->switches EventOFPPacketIn
EVENT ofp_event->switches EventOFPPacketIn
EVENT ofp_event->switches EventOFPPacketIn
EVENT ofp_event->switches EventOFPPacketIn
EVENT ofp_event->switches EventOFPPacketIn
EVENT ofp_event->switches EventOFPPacketIn
EVENT ofp_event->switches EventOFPPacketIn
EVENT ofp_event->switches EventOFPPacketIn
EVENT ofp_event->switches EventOFPPacketIn
EVENT ofp_event->switches EventOFPPacketIn
EVENT ofp_event->switches EventOFPPacketIn
EVENT ofp_event->switches EventOFPPacketIn
EVENT ofp_event->switches EventOFPPacketIn
EVENT ofp_event->switches EventOFPPacketIn
EVENT ofp_event->switches EventOFPPacketIn
EVENT ofp_event->switches EventOFPPacketIn
EVENT ofp_event->switches EventOFPPacketIn
EVENT ofp_event->switches EventOFPPacketIn
EVENT ofp_event->switches EventOFPPacketIn
EVENT ofp_event->switches EventOFPPacketIn
EVENT ofp_event->switches EventOFPPacketIn
EVENT ofp_event->switches EventOFPPacketIn
EVENT ofp_event->switches EventOFPPacketIn
EVENT ofp_event->switches EventOFPPacketIn
EVENT ofp_event->switches EventOFPPacketIn
EVENT ofp_event->switches EventOFPPacketIn
EVENT ofp_event->switches EventOFPPacketIn
EVENT ofp_event->switches EventOFPPacketIn
EVENT ofp_event->switches EventOFPPacketIn
EVENT ofp_event->switches EventOFPPacketIn
EVENT ofp_event->switches EventOFPPacketIn
EVENT ofp_event->switches EventOFPPacketIn
EVENT ofp_event->switches EventOFPPacketIn
EVENT ofp_event->switches EventOFPPacketIn
EVENT ofp_event->switches EventOFPPacketIn
EVENT ofp_event->switches EventOFPPacketIn
EVENT ofp_event->switches EventOFPPacketIn
EVENT ofp_event->switches EventOFPPacketIn
EVENT ofp_event->switches EventOFPPacketIn
EVENT ofp_event->switches EventOFPPacketIn
EVENT ofp_event->switches EventOFPPacketIn
EVENT ofp_event->switches EventOFPPacketIn
EVENT ofp_event->switches EventOFPPacketIn
EVENT ofp_event->switches EventOFPPacketIn
EVENT ofp_event->switches EventOFPPacketIn
EVENT ofp_event->switches EventOFPPacketIn
EVENT ofp_event->switches EventOFPPacketIn
EVENT ofp_event->switches EventOFPPacketIn
EVENT ofp_event->switches EventOFPPacketIn
EVENT ofp_event->switches EventOFPPacketIn
EVENT ofp_event->switches EventOFPPacketIn
EVENT ofp_event->switches EventOFPPacketIn
EVENT ofp_event->switches EventOFPPacketIn
EVENT ofp_event->switches EventOFPPacketIn
EVENT ofp_event->switches EventOFPPacketIn
EVENT ofp_event->switches EventOFPPacketIn
EVENT ofp_event->switches EventOFPPacketIn
EVENT ofp_event->switches EventOFPPacketIn
EVENT ofp_event->switches EventOFPPacketIn
EVENT ofp_event->switches EventOFPPacketIn
EVENT ofp_event->switches EventOFPPacketIn
EVENT ofp_event->switches EventOFPPacketIn
EVENT ofp_event->switches EventOFPPacketIn
EVENT ofp_event->switches EventOFPPacketIn
EVENT ofp_event->switches EventOFPPacketIn
EVENT ofp_event->switches EventOFPPacketIn
EVENT ofp_event->switches EventOFPPacketIn
EVENT ofp_event->switches EventOFPPacketIn
EVENT ofp_event->switches EventOFPPacketIn
EVENT ofp_event->switches EventOFPPacketIn
EVENT ofp_event->switches EventOFPPacketIn
EVENT ofp_event->switches EventOFPPacketIn
EVENT ofp_event->switches EventOFPPacketIn
EVENT ofp_event->switches EventOFPPacketIn
EVENT ofp_event->switches EventOFPPacketIn
EVENT ofp_event->switches EventOFPPacketIn
EVENT ofp_event->switches EventOFPPacketIn
EVENT ofp_event->switches EventOFPPacketIn
EVENT ofp_event->switches EventOFPPacketIn
EVENT ofp_event->switches EventOFPPacketIn
EVENT ofp_event->switches EventOFPPacketIn
EVENT ofp_event->switches EventOFPPacketIn
EVENT ofp_event->switches EventOFPPacketIn
EVENT ofp_event->switches EventOFPPacketIn
EVENT ofp_event->switches EventOFPPacketIn
EVENT ofp_event->switches EventOFPPacketIn
EVENT ofp_event->switches EventOFPPacketIn
EVENT ofp_event->switches EventOFPPacketIn
EVENT ofp_event->switches EventOFPPacketIn
EVENT ofp_event->switches EventOFPPacketIn
EVENT ofp_event->switches EventOFPPacketIn
EVENT ofp_event->switches EventOFPPacketIn
EVENT ofp_event->switches EventOFPPacketIn
EVENT ofp_event->switches EventOFPPacketIn
EVENT ofp_event->switches EventOFPPacketIn
EVENT ofp_event->switches EventOFPPacketIn
EVENT ofp_event->switches EventOFPPacketIn
EVENT ofp_event->switches EventOFPPacketIn
EVENT ofp_event->switches EventOFPPacketIn
EVENT ofp_event->switches EventOFPPacketIn
EVENT ofp_event->switches EventOFPPacketIn
EVENT ofp_event->switches EventOFPPacketIn
EVENT ofp_event->switches EventOFPPacketIn
EVENT ofp_event->switches EventOFPPacketIn
EVENT ofp_event->switches EventOFPPacketIn
EVENT ofp_event->switches EventOFPPacketIn
EVENT ofp_event->switches EventOFPPacketIn
EVENT ofp_event->switches EventOFPPacketIn
EVENT ofp_event->switches EventOFPPacketIn
EVENT ofp_event->switches EventOFPPacketIn
EVENT ofp_event->switches EventOFPPacketIn
EVENT ofp_event->switches EventOFPPacketIn
EVENT ofp_event->switches EventOFPPacketIn
EVENT ofp_event->switches EventOFPPacketIn
EVENT ofp_event->switches EventOFPPacketIn
EVENT ofp_event->switches EventOFPPacketIn
EVENT ofp_event->switches EventOFPPacketIn
EVENT ofp_event->switches EventOFPPacketIn
EVENT ofp_event->switches EventOFPPacketIn
EVENT ofp_event->switches EventOFPPacketIn
EVENT ofp_event->switches EventOFPPacketIn
EVENT ofp_event->switches EventOFPPacketIn
EVENT ofp_event->switches EventOFPPacketIn
EVENT ofp_event->switches EventOFPPacketIn
EVENT ofp_event->switches EventOFPPacketIn
EVENT ofp_event->switches EventOFPPacketIn
EVENT ofp_event->switches EventOFPPacketIn
EVENT ofp_event->switches EventOFPPacketIn
EVENT ofp_event->switches EventOFPPacketIn
EVENT ofp_event->switches EventOFPPacketIn
EVENT ofp_event->switches EventOFPPacketIn
EVENT ofp_event->switches EventOFPPacketIn
EVENT ofp_event->switches EventOFPPacketIn
EVENT ofp_event->switches EventOFPPacketIn
EVENT ofp_event->switches EventOFPPacketIn
EVENT ofp_event->switches EventOFPPacketIn
EVENT ofp_event->switches EventOFPPacketIn
EVENT ofp_event->switches EventOFPPacketIn
EVENT ofp_event->switches EventOFPPacketIn
EVENT ofp_event->switches EventOFPPacketIn
EVENT ofp_event->switches EventOFPPacketIn
EVENT ofp_event->switches EventOFPPacketIn
EVENT ofp_event->switches EventOFPPacketIn
EVENT ofp_event->switches EventOFPPacketIn
EVENT ofp_event->switches EventOFPPacketIn
EVENT ofp_event->switches EventOFPPacketIn
EVENT ofp_event->switches EventOFPPacketIn
EVENT ofp_event->switches EventOFPPacketIn
EVENT ofp_event->switches EventOFPPacketIn
EVENT ofp_event->switches EventOFPPacketIn
EVENT ofp_event->switches EventOFPPacketIn
EVENT ofp_event->switches EventOFPPacketIn
EVENT ofp_event->switches EventOFPPacketIn
EVENT ofp_event->switches EventOFPPacketIn
EVENT ofp_event->switches EventOFPPacketIn
EVENT ofp_event->switches EventOFPPacketIn
EVENT ofp_event->switches EventOFPPacketIn
EVENT ofp_event->switches EventOFPPacketIn
EVENT ofp_event->switches EventOFPPacketIn
EVENT ofp_event->switches EventOFPPacketIn
EVENT ofp_event->switches EventOFPPacketIn
EVENT ofp_event->switches EventOFPPacketIn
EVENT ofp_event->switches EventOFPPacketIn
EVENT ofp_event->switches EventOFPPacketIn
EVENT ofp_event->switches EventOFPPacketIn
EVENT ofp_event->switches EventOFPPacketIn
EVENT ofp_event->switches EventOFPPacketIn
EVENT ofp_event->switches EventOFPPacketIn
EVENT ofp_event->switches EventOFPPacketIn
EVENT ofp_event->switches EventOFPPacketIn
EVENT ofp_event->switches EventOFPPacketIn
EVENT ofp_event->switches EventOFPPacketIn
EVENT ofp_event->switches EventOFPPacketIn
EVENT ofp_event->switches EventOFPPacketIn
EVENT ofp_event->switches EventOFPPacketIn
EVENT ofp_event->switches EventOFPPacketIn
EVENT ofp_event->switches EventOFPPacketIn
EVENT ofp_event->switches EventOFPPacketIn
EVENT ofp_event->switches EventOFPPacketIn
EVENT ofp_event->switches EventOFPPacketIn
EVENT ofp_event->switches EventOFPPacketIn
EVENT ofp_event->switches EventOFPPacketIn
EVENT ofp_event->switches EventOFPPacketIn
EVENT ofp_event->switches EventOFPPacketIn
EVENT ofp_event->switches EventOFPPacketIn
EVENT ofp_event->switches EventOFPPacketIn
EVENT ofp_event->switches EventOFPPacketIn
EVENT ofp_event->switches EventOFPPacketIn
EVENT ofp_event->switches EventOFPPacketIn
EVENT ofp_event->switches EventOFPPacketIn
EVENT ofp_event->switches EventOFPPacketIn
EVENT ofp_event->switches EventOFPPacketIn
EVENT ofp_event->switches EventOFPPacketIn
EVENT ofp_event->switches EventOFPPacketIn
EVENT ofp_event->switches EventOFPPacketIn
EVENT ofp_event->switches EventOFPPacketIn
EVENT ofp_event->switches EventOFPPacketIn
EVENT ofp_event->switches EventOFPPacketIn
EVENT ofp_event->switches EventOFPPacketIn
EVENT ofp_event->switches EventOFPPacketIn
EVENT ofp_event->switches EventOFPPacketIn
EVENT ofp_event->switches EventOFPPacketIn
EVENT ofp_event->switches EventOFPPacketIn
EVENT ofp_event->switches EventOFPPacketIn
EVENT ofp_event->switches EventOFPPacketIn
EVENT ofp_event->switches EventOFPPacketIn
EVENT ofp_event->switches EventOFPPacketIn
EVENT ofp_event->switches EventOFPPacketIn
EVENT ofp_event->switches EventOFPPacketIn
EVENT ofp_event->switches EventOFPPacketIn
EVENT ofp_event->switches EventOFPPacketIn
EVENT ofp_event->switches EventOFPPacketIn
EVENT ofp_event->switches EventOFPPacketIn
EVENT ofp_event->switches EventOFPPacketIn
EVENT ofp_event->switches EventOFPPacketIn
EVENT ofp_event->switches EventOFPPacketIn
EVENT ofp_event->switches EventOFPPacketIn
EVENT ofp_event->switches EventOFPPacketIn
EVENT ofp_event->switches EventOFPPacketIn
EVENT ofp_event->switches EventOFPPacketIn
EVENT ofp_event->switches EventOFPPacketIn
EVENT ofp_event->switches EventOFPPacketIn
EVENT ofp_event->switches EventOFPPacketIn
EVENT ofp_event->switches EventOFPPacketIn
EVENT ofp_event->switches EventOFPPacketIn
EVENT ofp_event->switches EventOFPPacketIn
EVENT ofp_event->switches EventOFPPacketIn
EVENT ofp_event->switches EventOFPPacketIn
EVENT ofp_event->switches EventOFPPacketIn
EVENT ofp_event->switches EventOFPPacketIn
EVENT ofp_event->switches EventOFPPacketIn
EVENT ofp_event->switches EventOFPPacketIn
EVENT ofp_event->switches EventOFPPacketIn
EVENT ofp_event->switches EventOFPPacketIn
EVENT ofp_event->switches EventOFPPacketIn
EVENT ofp_event->switches EventOFPPacketIn
EVENT ofp_event->switches EventOFPPacketIn
EVENT ofp_event->switches EventOFPPacketIn
EVENT ofp_event->switches EventOFPPacketIn
EVENT ofp_event->switches EventOFPPacketIn
EVENT ofp_event->switches EventOFPPacketIn
EVENT ofp_event->switches EventOFPPacketIn
EVENT ofp_event->switches EventOFPPacketIn
EVENT ofp_event->switches EventOFPPacketIn
EVENT ofp_event->switches EventOFPPacketIn
EVENT ofp_event->switches EventOFPPacketIn
EVENT ofp_event->switches EventOFPPacketIn
EVENT ofp_event->switches EventOFPPacketIn
EVENT ofp_event->switches EventOFPPacketIn
EVENT ofp_event->switches EventOFPPacketIn
EVENT ofp_event->switches EventOFPPacketIn
EVENT ofp_event->switches EventOFPPacketIn
EVENT ofp_event->switches EventOFPPacketIn
EVENT ofp_event->switches EventOFPPacketIn
EVENT ofp_event->switches EventOFPPacketIn
EVENT ofp_event->switches EventOFPPacketIn
EVENT ofp_event->switches EventOFPPacketIn
EVENT ofp_event->switches EventOFPPacketIn
EVENT ofp_event->switches EventOFPPacketIn
EVENT ofp_event->switches EventOFPPacketIn
EVENT ofp_event->switches EventOFPPacketIn
EVENT ofp_event->switches EventOFPPacketIn
EVENT ofp_event->switches EventOFPPacketIn
EVENT ofp_event->switches EventOFPPacketIn
EVENT ofp_event->switches EventOFPPacketIn
EVENT ofp_event->switches EventOFPPacketIn
EVENT ofp_event->switches EventOFPPacketIn
EVENT ofp_event->switches EventOFPPacketIn
EVENT ofp_event->switches EventOFPPacketIn
EVENT ofp_event->switches EventOFPPacketIn
EVENT ofp_event->switches EventOFPPacketIn
EVENT ofp_event->switches EventOFPPacketIn
EVENT ofp_event->switches EventOFPPacketIn
EVENT ofp_event->switches EventOFPPacketIn
EVENT ofp_event->switches EventOFPPacketIn
EVENT ofp_event->switches EventOFPPacketIn
EVENT ofp_event->switches EventOFPPacketIn
EVENT ofp_event->switches EventOFPPacketIn
EVENT ofp_event->switches EventOFPPacketIn
EVENT ofp_event->switches EventOFPPacketIn
EVENT ofp_event->switches EventOFPPacketIn
EVENT ofp_event->switches EventOFPPacketIn
EVENT ofp_event->switches EventOFPPacketIn
EVENT ofp_event->switches EventOFPPacketIn
EVENT ofp_event->switches EventOFPPacketIn
EVENT ofp_event->switches EventOFPPacketIn
EVENT ofp_event->switches EventOFPPacketIn
EVENT ofp_event->switches EventOFPPacketIn
EVENT ofp_event->switches EventOFPPacketIn
EVENT ofp_event->switches EventOFPPacketIn
EVENT ofp_event->switches EventOFPPacketIn
EVENT ofp_event->switches EventOFPPacketIn
EVENT ofp_event->switches EventOFPPacketIn
EVENT ofp_event->switches EventOFPPacketIn
EVENT ofp_event->switches EventOFPPacketIn
EVENT ofp_event->switches EventOFPPacketIn
EVENT ofp_event->switches EventOFPPacketIn
EVENT ofp_event->switches EventOFPPacketIn
EVENT ofp_event->switches EventOFPPacketIn
EVENT ofp_event->switches EventOFPPacketIn
EVENT ofp_event->switches EventOFPPacketIn
EVENT ofp_event->switches EventOFPPacketIn
EVENT ofp_event->switches EventOFPPacketIn
EVENT ofp_event->switches EventOFPPacketIn
EVENT ofp_event->switches EventOFPPacketIn
EVENT ofp_event->switches EventOFPPacketIn
EVENT ofp_event->switches EventOFPPacketIn
EVENT ofp_event->switches EventOFPPacketIn
EVENT ofp_event->switches EventOFPPacketIn
EVENT ofp_event->switches EventOFPPacketIn
EVENT ofp_event->switches EventOFPPacketIn
EVENT ofp_event->switches EventOFPPacketIn
EVENT ofp_event->switches EventOFPPacketIn
EVENT ofp_event->switches EventOFPPacketIn
EVENT ofp_event->switches EventOFPPacketIn
EVENT ofp_event->switches EventOFPPacketIn
EVENT ofp_event->switches EventOFPPacketIn
EVENT ofp_event->switches EventOFPPacketIn
EVENT ofp_event->switches EventOFPPacketIn
EVENT ofp_event->switches EventOFPPacketIn
EVENT ofp_event->switches EventOFPPacketIn
